# JRE version: Java(TM) SE Runtime Environment (8.0_211-b12) (build 1.8.0_211-b12)
# Java VM: Java HotSpot(TM) 64-Bit Server VM (25.211-b12 mixed mode linux-amd64 compressed oops)
Heap:
 PSYoungGen      total 1322496K, used 27277K [0x000000076f400000, 0x00000007c0000000, 0x00000007c0000000)
  eden space 1321984K, 2% used [0x000000076f400000,0x0000000770ea3590,0x00000007bff00000)
  from space 512K, 0% used [0x00000007bff80000,0x00000007bff80000,0x00000007c0000000)
  to   space 512K, 0% used [0x00000007bff00000,0x00000007bff00000,0x00000007bff80000)
 ParOldGen       total 2646016K, used 35735K [0x00000006cdc00000, 0x000000076f400000, 0x000000076f400000)
  object space 2646016K, 1% used [0x00000006cdc00000,0x00000006cfee5cc8,0x000000076f400000)
 Metaspace       used 47092K, capacity 47341K, committed 47616K, reserved 1091584K
  class space    used 4378K, capacity 4486K, committed 4608K, reserved 1048576K
GC Heap History (10 events):
Event: 17.006 GC heap before
{Heap before GC invocations=923 (full 457):
 PSYoungGen      total 1322496K, used 0K [0x000000076f400000, 0x00000007c0000000, 0x00000007c0000000)
  eden space 1321984K, 0% used [0x000000076f400000,0x000000076f400000,0x00000007bff00000)
  from space 512K, 0% used [0x00000007bff80000,0x00000007bff80000,0x00000007c0000000)
  to   space 512K, 0% used [0x00000007bff00000,0x00000007bff00000,0x00000007bff80000)
 ParOldGen       total 2646016K, used 35733K [0x00000006cdc00000, 0x000000076f400000, 0x000000076f400000)
  object space 2646016K, 1% used [0x00000006cdc00000,0x00000006cfee5740,0x000000076f400000)
 Metaspace       used 47092K, capacity 47341K, committed 47616K, reserved 1091584K
  class space    used 4378K, capacity 4486K, committed 4608K, reserved 1048576K
Event: 17.020 GC heap after
Heap after GC invocations=923 (full 457):
 PSYoungGen      total 1322496K, used 0K [0x000000076f400000, 0x00000007c0000000, 0x00000007c0000000)
  eden space 1321984K, 0% used [0x000000076f400000,0x000000076f400000,0x00000007bff00000)
  from space 512K, 0% used [0x00000007bff80000,0x00000007bff80000,0x00000007c0000000)
  to   space 512K, 0% used [0x00000007bff00000,0x00000007bff00000,0x00000007bff80000)
 ParOldGen       total 2646016K, used 35733K [0x00000006cdc00000, 0x000000076f400000, 0x000000076f400000)
  object space 2646016K, 1% used [0x00000006cdc00000,0x00000006cfee5740,0x000000076f400000)
 Metaspace       used 47092K, capacity 47341K, committed 47616K, reserved 1091584K
  class space    used 4378K, capacity 4486K, committed 4608K, reserved 1048576K
}
Event: 17.020 GC heap before
{Heap before GC invocations=924 (full 457):
 PSYoungGen      total 1322496K, used 23972K [0x000000076f400000, 0x00000007c0000000, 0x00000007c0000000)
  eden space 1321984K, 1% used [0x000000076f400000,0x0000000770b691e0,0x00000007bff00000)
  from space 512K, 0% used [0x00000007bff80000,0x00000007bff80000,0x00000007c0000000)
  to   space 512K, 0% used [0x00000007bff00000,0x00000007bff00000,0x00000007bff80000)
 ParOldGen       total 2646016K, used 35733K [0x00000006cdc00000, 0x000000076f400000, 0x000000076f400000)
  object space 2646016K, 1% used [0x00000006cdc00000,0x00000006cfee5740,0x000000076f400000)
 Metaspace       used 47092K, capacity 47341K, committed 47616K, reserved 1091584K
  class space    used 4378K, capacity 4486K, committed 4608K, reserved 1048576K
Event: 17.021 GC heap after
Heap after GC invocations=924 (full 457):
 PSYoungGen      total 1322496K, used 128K [0x000000076f400000, 0x00000007c0000000, 0x00000007c0000000)
  eden space 1321984K, 0% used [0x000000076f400000,0x000000076f400000,0x00000007bff00000)
  from space 512K, 25% used [0x00000007bff00000,0x00000007bff20000,0x00000007bff80000)
  to   space 512K, 0% used [0x00000007bff80000,0x00000007bff80000,0x00000007c0000000)
 ParOldGen       total 2646016K, used 35733K [0x00000006cdc00000, 0x000000076f400000, 0x000000076f400000)
  object space 2646016K, 1% used [0x00000006cdc00000,0x00000006cfee5740,0x000000076f400000)
 Metaspace       used 47092K, capacity 47341K, committed 47616K, reserved 1091584K
  class space    used 4378K, capacity 4486K, committed 4608K, reserved 1048576K
}
Event: 17.021 GC heap before
{Heap before GC invocations=925 (full 458):
 PSYoungGen      total 1322496K, used 128K [0x000000076f400000, 0x00000007c0000000, 0x00000007c0000000)
  eden space 1321984K, 0% used [0x000000076f400000,0x000000076f400000,0x00000007bff00000)
  from space 512K, 25% used [0x00000007bff00000,0x00000007bff20000,0x00000007bff80000)
  to   space 512K, 0% used [0x00000007bff80000,0x00000007bff80000,0x00000007c0000000)
 ParOldGen       total 2646016K, used 35733K [0x00000006cdc00000, 0x000000076f400000, 0x000000076f400000)
  object space 2646016K, 1% used [0x00000006cdc00000,0x00000006cfee5740,0x000000076f400000)
 Metaspace       used 47092K, capacity 47341K, committed 47616K, reserved 1091584K
  class space    used 4378K, capacity 4486K, committed 4608K, reserved 1048576K
Event: 17.036 GC heap after
Heap after GC invocations=925 (full 458):
 PSYoungGen      total 1322496K, used 0K [0x000000076f400000, 0x00000007c0000000, 0x00000007c0000000)
  eden space 1321984K, 0% used [0x000000076f400000,0x000000076f400000,0x00000007bff00000)
  from space 512K, 0% used [0x00000007bff00000,0x00000007bff00000,0x00000007bff80000)
  to   space 512K, 0% used [0x00000007bff80000,0x00000007bff80000,0x00000007c0000000)
 ParOldGen       total 2646016K, used 35735K [0x00000006cdc00000, 0x000000076f400000, 0x000000076f400000)
  object space 2646016K, 1% used [0x00000006cdc00000,0x00000006cfee5cc8,0x000000076f400000)
 Metaspace       used 47092K, capacity 47341K, committed 47616K, reserved 1091584K
  class space    used 4378K, capacity 4486K, committed 4608K, reserved 1048576K
}
Event: 17.036 GC heap before
{Heap before GC invocations=926 (full 458):
 PSYoungGen      total 1322496K, used 0K [0x000000076f400000, 0x00000007c0000000, 0x00000007c0000000)
  eden space 1321984K, 0% used [0x000000076f400000,0x000000076f400000,0x00000007bff00000)
  from space 512K, 0% used [0x00000007bff00000,0x00000007bff00000,0x00000007bff80000)
  to   space 512K, 0% used [0x00000007bff80000,0x00000007bff80000,0x00000007c0000000)
 ParOldGen       total 2646016K, used 35735K [0x00000006cdc00000, 0x000000076f400000, 0x000000076f400000)
  object space 2646016K, 1% used [0x00000006cdc00000,0x00000006cfee5cc8,0x000000076f400000)
 Metaspace       used 47092K, capacity 47341K, committed 47616K, reserved 1091584K
  class space    used 4378K, capacity 4486K, committed 4608K, reserved 1048576K
Event: 17.037 GC heap after
Heap after GC invocations=926 (full 458):
 PSYoungGen      total 1322496K, used 0K [0x000000076f400000, 0x00000007c0000000, 0x00000007c0000000)
  eden space 1321984K, 0% used [0x000000076f400000,0x000000076f400000,0x00000007bff00000)
  from space 512K, 0% used [0x00000007bff80000,0x00000007bff80000,0x00000007c0000000)
  to   space 512K, 0% used [0x00000007bff00000,0x00000007bff00000,0x00000007bff80000)
 ParOldGen       total 2646016K, used 35735K [0x00000006cdc00000, 0x000000076f400000, 0x000000076f400000)
  object space 2646016K, 1% used [0x00000006cdc00000,0x00000006cfee5cc8,0x000000076f400000)
 Metaspace       used 47092K, capacity 47341K, committed 47616K, reserved 1091584K
  class space    used 4378K, capacity 4486K, committed 4608K, reserved 1048576K
}
Event: 17.037 GC heap before
{Heap before GC invocations=927 (full 459):
 PSYoungGen      total 1322496K, used 0K [0x000000076f400000, 0x00000007c0000000, 0x00000007c0000000)
  eden space 1321984K, 0% used [0x000000076f400000,0x000000076f400000,0x00000007bff00000)
  from space 512K, 0% used [0x00000007bff80000,0x00000007bff80000,0x00000007c0000000)
  to   space 512K, 0% used [0x00000007bff00000,0x00000007bff00000,0x00000007bff80000)
 ParOldGen       total 2646016K, used 35735K [0x00000006cdc00000, 0x000000076f400000, 0x000000076f400000)
  object space 2646016K, 1% used [0x00000006cdc00000,0x00000006cfee5cc8,0x000000076f400000)
 Metaspace       used 47092K, capacity 47341K, committed 47616K, reserved 1091584K
  class space    used 4378K, capacity 4486K, committed 4608K, reserved 1048576K
Event: 17.052 GC heap after
Heap after GC invocations=927 (full 459):
 PSYoungGen      total 1322496K, used 0K [0x000000076f400000, 0x00000007c0000000, 0x00000007c0000000)
  eden space 1321984K, 0% used [0x000000076f400000,0x000000076f400000,0x00000007bff00000)
  from space 512K, 0% used [0x00000007bff80000,0x00000007bff80000,0x00000007c0000000)
  to   space 512K, 0% used [0x00000007bff00000,0x00000007bff00000,0x00000007bff80000)
 ParOldGen       total 2646016K, used 35735K [0x00000006cdc00000, 0x000000076f400000, 0x000000076f400000)
  object space 2646016K, 1% used [0x00000006cdc00000,0x00000006cfee5cc8,0x000000076f400000)
 Metaspace       used 47092K, capacity 47341K, committed 47616K, reserved 1091584K
  class space    used 4378K, capacity 4486K, committed 4608K, reserved 1048576K
}

